\BOOKMARK [1][-]{section.1}{Downscaling}{}% 1
\BOOKMARK [2][-]{subsection.1.1}{Introduction \340 la probl\351matique du downscaling}{section.1}% 2
\BOOKMARK [2][-]{subsection.1.2}{Cumulative Distribution Function transform \(CDFt\)}{section.1}% 3
\BOOKMARK [3][-]{subsubsection.1.2.1}{Quantile-Quantile}{subsection.1.2}% 4
\BOOKMARK [3][-]{subsubsection.1.2.2}{CDFt}{subsection.1.2}% 5
\BOOKMARK [2][-]{subsection.1.3}{Transport optimal}{section.1}% 6
\BOOKMARK [3][-]{subsubsection.1.3.1}{Probl\351matique}{subsection.1.3}% 7
\BOOKMARK [3][-]{subsubsection.1.3.2}{R\351solution du probl\350me dans le cas fini et downscaling}{subsection.1.3}% 8
\BOOKMARK [1][-]{section.2}{Analyse des r\351sultats obtenus par downscaling}{}% 9
\BOOKMARK [2][-]{subsection.2.1}{Tests bas\351s sur les fonctions de r\351partition empiriques}{section.2}% 10
\BOOKMARK [3][-]{subsubsection.2.1.1}{Quelques outils math\351matiques}{subsection.2.1}% 11
\BOOKMARK [3][-]{subsubsection.2.1.2}{Kolmogorov-Smirnov}{subsection.2.1}% 12
\BOOKMARK [3][-]{subsubsection.2.1.3}{Cram\351r-von Mises}{subsection.2.1}% 13
\BOOKMARK [1][-]{section.3}{Upscaling des mod\350les hydrologiques}{}% 14
\BOOKMARK [2][-]{subsection.3.1}{G\351n\351ralit\351s sur les interactions atmosph\350re - surface continentale - sol}{section.3}% 15
\BOOKMARK [3][-]{subsubsection.3.1.1}{Les \351coulements}{subsection.3.1}% 16
\BOOKMARK [3][-]{subsubsection.3.1.2}{Transferts d'eau entre le sol et l'atmosph\350re}{subsection.3.1}% 17
\BOOKMARK [2][-]{subsection.3.2}{Les concepts hydrologiques}{section.3}% 18
\BOOKMARK [3][-]{subsubsection.3.2.1}{Quelques d\351finitions}{subsection.3.2}% 19
\BOOKMARK [3][-]{subsubsection.3.2.2}{Les \351quations pour mod\351liser l'\351coulement}{subsection.3.2}% 20
\BOOKMARK [3][-]{subsubsection.3.2.3}{La loi de Darcy}{subsection.3.2}% 21
\BOOKMARK [3][-]{subsubsection.3.2.4}{Des \351quations de Navier Stokes aux \351quations de Darcy}{subsection.3.2}% 22
\BOOKMARK [2][-]{subsection.3.3}{Les mod\350les}{section.3}% 23
\BOOKMARK [3][-]{subsubsection.3.3.1}{Mod\350le de surface continentale}{subsection.3.3}% 24
\BOOKMARK [3][-]{subsubsection.3.3.2}{Mod\350le de colonne d'eau}{subsection.3.3}% 25
\BOOKMARK [1][-]{section.4}{Pr\351dictions climatiques}{}% 26
\BOOKMARK [2][-]{subsection.4.1}{Les donn\351es NARR et la m\351thodologie}{section.4}% 27
\BOOKMARK [2][-]{subsection.4.2}{Analyse de la structure spatiale des donn\351es NARRs}{section.4}% 28
\BOOKMARK [2][-]{subsection.4.3}{Pr\351sentation des r\351sultats de pr\351dictions climatiques}{section.4}% 29
\BOOKMARK [1][-]{section.5}{Indexes}{}% 30
\BOOKMARK [2][-]{subsection.5.1}{Indexe 1 : La statistique de Cram\351r-von Mises}{section.5}% 31
\BOOKMARK [2][-]{subsection.5.2}{Indexe 2: Projection conique conforme de Lambert}{section.5}% 32
\BOOKMARK [2][-]{subsection.5.3}{Indexe 3: Classification des populations de d\351bit}{section.5}% 33
