\BOOKMARK [1][-]{section.1}{Downscaling}{}% 1
\BOOKMARK [2][-]{subsection.1.1}{Introduction \340 la probl\351matique du downscaling}{section.1}% 2
\BOOKMARK [2][-]{subsection.1.2}{Cumulative Distribution Function transform \(CDFt\)}{section.1}% 3
\BOOKMARK [3][-]{subsubsection.1.2.1}{Quantile-Quantile}{subsection.1.2}% 4
\BOOKMARK [3][-]{subsubsection.1.2.2}{CDFt}{subsection.1.2}% 5
\BOOKMARK [2][-]{subsection.1.3}{Transport optimal}{section.1}% 6
\BOOKMARK [3][-]{subsubsection.1.3.1}{Probl\351matique}{subsection.1.3}% 7
\BOOKMARK [3][-]{subsubsection.1.3.2}{R\351solution du probl\350me dans le cas fini et downscaling}{subsection.1.3}% 8
\BOOKMARK [2][-]{subsection.1.4}{Analyse des r\351sultats obtenus par downscaling}{section.1}% 9
\BOOKMARK [3][-]{subsubsection.1.4.1}{Quelques outils math\351matiques}{subsection.1.4}% 10
\BOOKMARK [3][-]{subsubsection.1.4.2}{Distance de Kolmogorov-Smirnov}{subsection.1.4}% 11
\BOOKMARK [3][-]{subsubsection.1.4.3}{Distance de Cram\351r-von Mises}{subsection.1.4}% 12
\BOOKMARK [1][-]{section.2}{Upscaling des mod\350les hydrologiques}{}% 13
\BOOKMARK [2][-]{subsection.2.1}{G\351n\351ralit\351s sur les interactions atmosph\350re - surface continentale - sol}{section.2}% 14
\BOOKMARK [3][-]{subsubsection.2.1.1}{Les \351coulements}{subsection.2.1}% 15
\BOOKMARK [3][-]{subsubsection.2.1.2}{Transferts d'eau entre le sol et l'atmosph\350re}{subsection.2.1}% 16
\BOOKMARK [2][-]{subsection.2.2}{Les concepts hydrologiques}{section.2}% 17
\BOOKMARK [3][-]{subsubsection.2.2.1}{Quelques d\351finitions}{subsection.2.2}% 18
\BOOKMARK [3][-]{subsubsection.2.2.2}{Les \351quations pour mod\351liser l'\351coulement}{subsection.2.2}% 19
\BOOKMARK [3][-]{subsubsection.2.2.3}{La loi de Darcy et l'\351quation de diffusivit\351 en milieu poreux}{subsection.2.2}% 20
\BOOKMARK [2][-]{subsection.2.3}{Les mod\350les}{section.2}% 21
\BOOKMARK [3][-]{subsubsection.2.3.1}{Mod\350le de surface continentale Orchid\351e}{subsection.2.3}% 22
\BOOKMARK [1][-]{section.3}{Pr\351dictions climatiques}{}% 23
\BOOKMARK [2][-]{subsection.3.1}{Les donn\351es NARR et la m\351thodologie}{section.3}% 24
\BOOKMARK [2][-]{subsection.3.2}{Analyse de la structure spatiale des donn\351es NARRs}{section.3}% 25
\BOOKMARK [2][-]{subsection.3.3}{Pr\351sentation des r\351sultats de pr\351dictions climatiques}{section.3}% 26
\BOOKMARK [3][-]{subsubsection.3.3.1}{La d\351gradation}{subsection.3.3}% 27
\BOOKMARK [2][-]{subsection.3.4}{Les r\351sultats de la d\351gradation et du downscaling sur les donn\351es}{section.3}% 28
\BOOKMARK [3][-]{subsubsection.3.4.1}{trac\351 des boxplot}{subsection.3.4}% 29
\BOOKMARK [3][-]{subsubsection.3.4.2}{affichage des donn\351es pr\351dites en fonction des donn\351es r\351elles}{subsection.3.4}% 30
\BOOKMARK [3][-]{subsubsection.3.4.3}{Diff\351rence analyse Root Mean Square error et distance de Cram\351r-von Mises}{subsection.3.4}% 31
\BOOKMARK [1][-]{section.4}{Indexes}{}% 32
\BOOKMARK [2][-]{subsection.4.1}{Indexe 1 : La statistique de Cram\351r-von Mises}{section.4}% 33
\BOOKMARK [2][-]{subsection.4.2}{Indexe 2: Projection conique conforme de Lambert}{section.4}% 34
\BOOKMARK [2][-]{subsection.4.3}{Indexe 3: Classification des populations de d\351bit}{section.4}% 35
