\BOOKMARK [1][-]{section.1}{Introduction}{}% 1
\BOOKMARK [2][-]{subsection.1.1}{Contextualisation et motivations du stage}{section.1}% 2
\BOOKMARK [2][-]{subsection.1.2}{Pr\351sentation du plan}{section.1}% 3
\BOOKMARK [1][-]{section.2}{Changement d'\351chelle, downscaling et analyse des r\351sultats}{}% 4
\BOOKMARK [2][-]{subsection.2.1}{Introduction \340 la probl\351matique du downscaling}{section.2}% 5
\BOOKMARK [2][-]{subsection.2.2}{Cumulative Distribution Function transform \(CDFt\)}{section.2}% 6
\BOOKMARK [3][-]{subsubsection.2.2.1}{Quantile-Quantile}{subsection.2.2}% 7
\BOOKMARK [3][-]{subsubsection.2.2.2}{CDFt}{subsection.2.2}% 8
\BOOKMARK [2][-]{subsection.2.3}{Transport optimal}{section.2}% 9
\BOOKMARK [3][-]{subsubsection.2.3.1}{Probl\351matique}{subsection.2.3}% 10
\BOOKMARK [3][-]{subsubsection.2.3.2}{R\351solution du probl\350me dans le cas fini et downscaling}{subsection.2.3}% 11
\BOOKMARK [2][-]{subsection.2.4}{Analyse des r\351sultats obtenus par downscaling}{section.2}% 12
\BOOKMARK [3][-]{subsubsection.2.4.1}{Distance de Kolmogorov-Smirnov}{subsection.2.4}% 13
\BOOKMARK [3][-]{subsubsection.2.4.2}{Distance de Cram\351r-von Mises}{subsection.2.4}% 14
\BOOKMARK [1][-]{section.3}{Pr\351sentation des mod\350les de climat }{}% 15
\BOOKMARK [2][-]{subsection.3.1}{Pr\351sentation d'un mod\350le de climat}{section.3}% 16
\BOOKMARK [2][-]{subsection.3.2}{G\351n\351ralit\351s sur les interactions atmosph\350re - surface continentale - sol}{section.3}% 17
\BOOKMARK [3][-]{subsubsection.3.2.1}{Les \351coulements}{subsection.3.2}% 18
\BOOKMARK [3][-]{subsubsection.3.2.2}{Transferts d'eau entre le sol et l'atmosph\350re}{subsection.3.2}% 19
\BOOKMARK [2][-]{subsection.3.3}{Les concepts hydrologiques: mod\351lisation de l'\351coulement dans le sol}{section.3}% 20
\BOOKMARK [3][-]{subsubsection.3.3.1}{Quelques d\351finitions pour l'\351tude en milieu poreux}{subsection.3.3}% 21
\BOOKMARK [3][-]{subsubsection.3.3.2}{Les \351quations pour mod\351liser l'\351coulement}{subsection.3.3}% 22
\BOOKMARK [3][-]{subsubsection.3.3.3}{La loi de Darcy et l'\351quation de diffusivit\351 en milieu poreux}{subsection.3.3}% 23
\BOOKMARK [2][-]{subsection.3.4}{Les mod\350les hydrologiques et la probl\351matique de l'upscaling}{section.3}% 24
\BOOKMARK [3][-]{subsubsection.3.4.1}{Le mod\350le d'hydrog\351osph\350re}{subsection.3.4}% 25
\BOOKMARK [3][-]{subsubsection.3.4.2}{Le mod\350le d'Orchid\351e}{subsection.3.4}% 26
\BOOKMARK [3][-]{subsubsection.3.4.3}{Conclusion et \351tude des mod\350les}{subsection.3.4}% 27
\BOOKMARK [1][-]{section.4}{Projections Climatiques et mod\351lisation hydrologique}{}% 28
\BOOKMARK [2][-]{subsection.4.1}{Analyse des donn\351es NARR}{section.4}% 29
\BOOKMARK [1][-]{section.5}{Annexes}{}% 30
\BOOKMARK [2][-]{subsection.5.1}{Annexe: Preuves et outils utilis\351s dans le downscaling}{section.5}% 31
\BOOKMARK [2][-]{subsection.5.2}{Annexe: La statistique de Cram\351r-von Mises}{section.5}% 32
